<?xml version="1.0" encoding="UTF-8"?>
<!-- Generated by org.testng.reporters.JUnitReportReporter -->
<testsuite name="qaf.example.tests.AmazonTest" tests="1" time="5.073" ignored="0" failures="0" timestamp="21 May 2021 19:52:03 GMT" skipped="0" hostname="DESKTOP-PJPVUS5" errors="0">
  <testcase name="testCreateNewAcc" time="5.073" classname="qaf.example.tests.AmazonTest"/>
</testsuite> <!-- qaf.example.tests.AmazonTest -->
